<?xml version="1.0" encoding="UTF-8"?>
<!-- Generated by org.testng.reporters.JUnitXMLReporter -->
<testsuite hostname="DESKTOP-F735G7B" ignored="0" name="Default test" tests="3" failures="0" timestamp="11 Nov 2022 08:46:21 GMT" time="0.072" errors="0">
  <testcase name="doLogin" time="0.015" classname="demo.TestNgDemo"/>
  <testcase name="verifyTitle" time="0.004" classname="demo.TestNgDemo"/>
  <testcase name="doRegistration" time="0.002" classname="demo.TestNgDemo"/>
</testsuite> <!-- Default test -->
